<?xml version="1.0" encoding="UTF-8"?>
<!-- Generated by org.testng.reporters.JUnitReportReporter -->
<testsuite skipped="0" hostname="DESKTOP-7OGVSBN" name="com.scripts.InvalidLogin" tests="1" failures="0" timestamp="15 Apr 2019 12:29:53 GMT" time="12.306" errors="0">
  <testcase name="testInvalidLogin" time="12.306" classname="com.scripts.InvalidLogin"/>
</testsuite> <!-- com.scripts.InvalidLogin -->
